This is pdfTeX, Version 3.1415926-2.3-1.40.12 (MiKTeX 2.9) (preloaded format=pdflatex 2012.12.28)  10 JAN 2013 13:57
entering extended mode
**ths.tex
(D:\DESERTATIN_LATEX\latex\ths.tex
LaTeX2e <2011/06/27>
Babel <v3.8m> and hyphenation patterns for english, afrikaans, ancientgreek, ar
abic, armenian, assamese, basque, bengali, bokmal, bulgarian, catalan, coptic, 
croatian, czech, danish, dutch, esperanto, estonian, farsi, finnish, french, ga
lician, german, german-x-2009-06-19, greek, gujarati, hindi, hungarian, iceland
ic, indonesian, interlingua, irish, italian, kannada, kurmanji, lao, latin, lat
vian, lithuanian, malayalam, marathi, mongolian, mongolianlmc, monogreek, ngerm
an, ngerman-x-2009-06-19, nynorsk, oriya, panjabi, pinyin, polish, portuguese, 
romanian, russian, sanskrit, serbian, slovak, slovenian, spanish, swedish, swis
sgerman, tamil, telugu, turkish, turkmen, ukenglish, ukrainian, uppersorbian, u
senglishmax, welsh, loaded.

LaTeX Warning: You have requested package `',
               but the package provides `ths'.

Package: ths 2011/12/03 v1.0 ssvps project and seminar report
("C:\Program Files\MiKTeX 2.9\tex\latex\base\report.cls"
Document Class: report 2007/10/19 v1.4h Standard LaTeX document class
("C:\Program Files\MiKTeX 2.9\tex\latex\base\size12.clo"
File: size12.clo 2007/10/19 v1.4h Standard LaTeX file (size option)
)
\c@part=\count79
\c@chapter=\count80
\c@section=\count81
\c@subsection=\count82
\c@subsubsection=\count83
\c@paragraph=\count84
\c@subparagraph=\count85
\c@figure=\count86
\c@table=\count87
\abovecaptionskip=\skip41
\belowcaptionskip=\skip42
\bibindent=\dimen102
)
("C:\Program Files\MiKTeX 2.9\tex\latex\amsfonts\amssymb.sty"
Package: amssymb 2009/06/22 v3.00

("C:\Program Files\MiKTeX 2.9\tex\latex\amsfonts\amsfonts.sty"
Package: amsfonts 2009/06/22 v3.00 Basic AMSFonts support
\@emptytoks=\toks14
\symAMSa=\mathgroup4
\symAMSb=\mathgroup5
LaTeX Font Info:    Overwriting math alphabet `\mathfrak' in version `bold'
(Font)                  U/euf/m/n --> U/euf/b/n on input line 96.
))
("C:\Program Files\MiKTeX 2.9\tex\latex\graphics\graphicx.sty"
Package: graphicx 1999/02/16 v1.0f Enhanced LaTeX Graphics (DPC,SPQR)

("C:\Program Files\MiKTeX 2.9\tex\latex\graphics\keyval.sty"
Package: keyval 1999/03/16 v1.13 key=value parser (DPC)
\KV@toks@=\toks15
)
("C:\Program Files\MiKTeX 2.9\tex\latex\graphics\graphics.sty"
Package: graphics 2009/02/05 v1.0o Standard LaTeX Graphics (DPC,SPQR)

("C:\Program Files\MiKTeX 2.9\tex\latex\graphics\trig.sty"
Package: trig 1999/03/16 v1.09 sin cos tan (DPC)
)
("C:\Program Files\MiKTeX 2.9\tex\latex\00miktex\graphics.cfg"
File: graphics.cfg 2007/01/18 v1.5 graphics configuration of teTeX/TeXLive
)
Package graphics Info: Driver file: pdftex.def on input line 91.

("C:\Program Files\MiKTeX 2.9\tex\latex\pdftex-def\pdftex.def"
File: pdftex.def 2011/05/27 v0.06d Graphics/color for pdfTeX

("C:\Program Files\MiKTeX 2.9\tex\generic\oberdiek\infwarerr.sty"
Package: infwarerr 2010/04/08 v1.3 Providing info/warning/message (HO)
)
("C:\Program Files\MiKTeX 2.9\tex\generic\oberdiek\ltxcmds.sty"
Package: ltxcmds 2011/04/18 v1.20 LaTeX kernel commands for general use (HO)
)
\Gread@gobject=\count88
))
\Gin@req@height=\dimen103
\Gin@req@width=\dimen104
)
("C:\Program Files\MiKTeX 2.9\tex\latex\fancyhdr\fancyhdr.sty"
\fancy@headwidth=\skip43
\f@ncyO@elh=\skip44
\f@ncyO@erh=\skip45
\f@ncyO@olh=\skip46
\f@ncyO@orh=\skip47
\f@ncyO@elf=\skip48
\f@ncyO@erf=\skip49
\f@ncyO@olf=\skip50
\f@ncyO@orf=\skip51
)
("C:\Program Files\MiKTeX 2.9\tex\generic\babel\babel.sty"
Package: babel 2008/07/08 v3.8m The Babel package

*************************************
* Local config file bblopts.cfg used
*
("C:\Program Files\MiKTeX 2.9\tex\latex\00miktex\bblopts.cfg"
File: bblopts.cfg 2006/07/31 v1.0 MiKTeX 'babel' configuration
)
("C:\Program Files\MiKTeX 2.9\tex\generic\babel\english.ldf"
Language: english 2005/03/30 v3.3o English support from the babel system

("C:\Program Files\MiKTeX 2.9\tex\generic\babel\babel.def"
File: babel.def 2008/07/08 v3.8m Babel common definitions
\babel@savecnt=\c